<?xml version="1.0" encoding="UTF-8"?>
<testng-results ignored="0" total="1" passed="1" failed="0" skipped="0">
  <reporter-output>
  </reporter-output>
  <suite started-at="2024-11-27T11:37:54 IST" name="Default suite" finished-at="2024-11-27T11:38:09 IST" duration-ms="14469">
    <groups>
    </groups>
    <test started-at="2024-11-27T11:37:54 IST" name="Default test" finished-at="2024-11-27T11:38:09 IST" duration-ms="14469">
      <class name="RevenueCalculatorFitpeo.FitpeoRevenue">
        <test-method signature="calculator()[pri:0, instance:RevenueCalculatorFitpeo.FitpeoRevenue@1bb5a082]" started-at="2024-11-27T11:37:54 IST" name="calculator" finished-at="2024-11-27T11:38:09 IST" duration-ms="14385" status="PASS">
          <reporter-output>
          </reporter-output>
        </test-method> <!-- calculator -->
      </class> <!-- RevenueCalculatorFitpeo.FitpeoRevenue -->
    </test> <!-- Default test -->
  </suite> <!-- Default suite -->
</testng-results>
